restartedMain INFO  com.akashit.Application - Starting Application using Java 17.0.6 with PID 25252 (G:\Ashok-IT-JRTP-Project\workspace\01_Logger\target\classes started by AkAkash047 in G:\Ashok-IT-JRTP-Project\workspace\01_Logger)
restartedMain INFO  com.akashit.Application - No active profile set, falling back to 1 default profile: "default"
restartedMain INFO  o.s.b.w.e.tomcat.TomcatWebServer - Tomcat initialized with port 8080 (http)
restartedMain INFO  o.a.catalina.core.StandardService - Starting service [Tomcat]
restartedMain INFO  o.a.catalina.core.StandardEngine - Starting Servlet engine: [Apache Tomcat/10.1.26]
restartedMain INFO  o.a.c.c.C.[Tomcat].[localhost].[/] - Initializing Spring embedded WebApplicationContext
restartedMain INFO  o.s.b.w.s.c.ServletWebServerApplicationContext - Root WebApplicationContext: initialization completed in 264 ms
restartedMain INFO  o.s.b.d.a.OptionalLiveReloadServer - LiveReload server is running on port 35729
restartedMain INFO  o.s.b.w.e.tomcat.TomcatWebServer - Tomcat started on port 8080 (http) with context path '/'
restartedMain INFO  com.akashit.Application - Started Application in 0.571 seconds (process running for 3149.893)
restartedMain INFO  o.s.b.d.a.ConditionEvaluationDeltaLoggingListener - Condition evaluation unchanged
File Watcher INFO  o.s.b.d.a.LocalDevToolsAutoConfiguration$RestartingClassPathChangeChangedEventListener - Restarting due to 7 class path changes (0 additions, 5 deletions, 2 modifications)
restartedMain INFO  com.akashit.Application - Starting Application using Java 17.0.6 with PID 25252 (G:\Ashok-IT-JRTP-Project\workspace\01_Logger\target\classes started by AkAkash047 in G:\Ashok-IT-JRTP-Project\workspace\01_Logger)
restartedMain INFO  com.akashit.Application - No active profile set, falling back to 1 default profile: "default"
restartedMain INFO  o.s.b.w.e.tomcat.TomcatWebServer - Tomcat initialized with port 8080 (http)
restartedMain INFO  o.a.catalina.core.StandardService - Starting service [Tomcat]
restartedMain INFO  o.a.catalina.core.StandardEngine - Starting Servlet engine: [Apache Tomcat/10.1.26]
restartedMain INFO  o.a.c.c.C.[Tomcat].[localhost].[/] - Initializing Spring embedded WebApplicationContext
restartedMain INFO  o.s.b.w.s.c.ServletWebServerApplicationContext - Root WebApplicationContext: initialization completed in 251 ms
restartedMain INFO  o.s.b.d.a.OptionalLiveReloadServer - LiveReload server is running on port 35729
restartedMain INFO  o.s.b.w.e.tomcat.TomcatWebServer - Tomcat started on port 8080 (http) with context path '/'
restartedMain INFO  com.akashit.Application - Started Application in 0.446 seconds (process running for 3190.973)
restartedMain INFO  o.s.b.d.a.ConditionEvaluationDeltaLoggingListener - Condition evaluation unchanged
restartedMain INFO  com.akashit.Application - Starting Application using Java 17.0.6 with PID 3404 (G:\Ashok-IT-JRTP-Project\workspace\01_Logger\target\classes started by AkAkash047 in G:\Ashok-IT-JRTP-Project\workspace\01_Logger)
restartedMain INFO  com.akashit.Application - No active profile set, falling back to 1 default profile: "default"
restartedMain INFO  o.s.b.d.e.DevToolsPropertyDefaultsPostProcessor - Devtools property defaults active! Set 'spring.devtools.add-properties' to 'false' to disable
restartedMain INFO  o.s.b.d.e.DevToolsPropertyDefaultsPostProcessor - For additional web related logging consider setting the 'logging.level.web' property to 'DEBUG'
restartedMain INFO  o.s.b.w.e.tomcat.TomcatWebServer - Tomcat initialized with port 8080 (http)
restartedMain INFO  o.a.coyote.http11.Http11NioProtocol - Initializing ProtocolHandler ["http-nio-8080"]
restartedMain INFO  o.a.catalina.core.StandardService - Starting service [Tomcat]
restartedMain INFO  o.a.catalina.core.StandardEngine - Starting Servlet engine: [Apache Tomcat/10.1.26]
restartedMain INFO  o.a.c.c.C.[Tomcat].[localhost].[/] - Initializing Spring embedded WebApplicationContext
restartedMain INFO  o.s.b.w.s.c.ServletWebServerApplicationContext - Root WebApplicationContext: initialization completed in 1462 ms
restartedMain WARN  o.s.b.d.a.OptionalLiveReloadServer - Unable to start LiveReload server
restartedMain INFO  o.a.coyote.http11.Http11NioProtocol - Starting ProtocolHandler ["http-nio-8080"]
restartedMain WARN  o.s.b.w.s.c.AnnotationConfigServletWebServerApplicationContext - Exception encountered during context initialization - cancelling refresh attempt: org.springframework.context.ApplicationContextException: Failed to start bean 'webServerStartStop'
restartedMain INFO  o.s.b.a.l.ConditionEvaluationReportLogger - 

Error starting ApplicationContext. To display the condition evaluation report re-run your application with 'debug' enabled.
restartedMain ERROR o.s.b.d.LoggingFailureAnalysisReporter - 

***************************
APPLICATION FAILED TO START
***************************

Description:

Web server failed to start. Port 8080 was already in use.

Action:

Identify and stop the process that's listening on port 8080 or configure this application to listen on another port.

File Watcher INFO  o.s.b.d.a.LocalDevToolsAutoConfiguration$RestartingClassPathChangeChangedEventListener - Restarting due to 1 class path change (0 additions, 0 deletions, 1 modification)
restartedMain INFO  com.akashit.Application - Starting Application using Java 17.0.6 with PID 25252 (G:\Ashok-IT-JRTP-Project\workspace\01_Logger\target\classes started by AkAkash047 in G:\Ashok-IT-JRTP-Project\workspace\01_Logger)
restartedMain INFO  com.akashit.Application - No active profile set, falling back to 1 default profile: "default"
restartedMain INFO  o.s.b.w.e.tomcat.TomcatWebServer - Tomcat initialized with port 8080 (http)
restartedMain INFO  o.a.catalina.core.StandardService - Starting service [Tomcat]
restartedMain INFO  o.a.catalina.core.StandardEngine - Starting Servlet engine: [Apache Tomcat/10.1.26]
restartedMain INFO  o.a.c.c.C.[Tomcat].[localhost].[/] - Initializing Spring embedded WebApplicationContext
restartedMain INFO  o.s.b.w.s.c.ServletWebServerApplicationContext - Root WebApplicationContext: initialization completed in 181 ms
restartedMain INFO  o.s.b.d.a.OptionalLiveReloadServer - LiveReload server is running on port 35729
restartedMain INFO  o.s.b.w.e.tomcat.TomcatWebServer - Tomcat started on port 8080 (http) with context path '/'
restartedMain INFO  com.akashit.Application - Started Application in 0.398 seconds (process running for 3221.566)
restartedMain INFO  o.s.b.d.a.ConditionEvaluationDeltaLoggingListener - Condition evaluation unchanged
File Watcher INFO  o.s.b.d.a.LocalDevToolsAutoConfiguration$RestartingClassPathChangeChangedEventListener - Restarting due to 1 class path change (0 additions, 0 deletions, 1 modification)
